<?xml version="1.0" encoding="UTF-8"?>
<!-- Generated by org.testng.reporters.JUnitXMLReporter -->
<testsuite ignored="0" hostname="INLEN8520064620" failures="0" tests="3" name="FireFoxTest" time="6.4" errors="0" timestamp="2024-09-16T19:43:41 IST">
  <testcase classname="day45.ParamTest" name="testLogo" time="0.0">
    <skipped/>
  </testcase> <!-- testLogo -->
  <testcase classname="day45.ParamTest" name="testTittle" time="0.0">
    <skipped/>
  </testcase> <!-- testTittle -->
  <testcase classname="day45.ParamTest" name="testURL" time="0.0">
    <skipped/>
  </testcase> <!-- testURL -->
</testsuite> <!-- FireFoxTest -->
