<?xml version="1.0" encoding="UTF-8"?>
<!-- Generated by org.testng.reporters.JUnitXMLReporter -->
<testsuite ignored="2" hostname="INLEN8520064620" failures="0" tests="6" name="groupingTest" time="0.106" errors="0" timestamp="2024-09-16T14:36:18 IST">
  <testcase classname="day44.LoginTest" name="loginByEmail" time="0.016"/>
  <testcase classname="day44.LoginTest" name="loginByFacebook" time="0.002"/>
  <testcase classname="day44.LoginTest" name="loginByTwitter" time="0.002"/>
  <testcase classname="day44.SignUpTest" name="signUpByEmail" time="0.001"/>
  <testcase classname="day44.SignUpTest" name="signUpByFacebook" time="0.001"/>
  <testcase classname="day44.SignUpTest" name="signUpByTwitter" time="0.001"/>
  <testcase classname="day44.PaymentTests" name="paymentinRupees" time="0.0">
    <ignored/>
  </testcase> <!-- paymentinRupees -->
  <testcase classname="day44.PaymentTests" name="paymentinDollars" time="0.0">
    <ignored/>
  </testcase> <!-- paymentinDollars -->
</testsuite> <!-- groupingTest -->
