<?xml version="1.0" encoding="UTF-8"?>
<!-- Generated by org.testng.reporters.JUnitXMLReporter -->
<testsuite ignored="0" hostname="INLEN8520064620" failures="0" tests="7" name="My tests" time="14.402" errors="0" timestamp="2024-09-15T19:40:18 IST">
  <testcase classname="day42.OrangeHRMTest" name="openapp" time="9.163"/>
  <testcase classname="day42.OrangeHRMTest" name="testlogo" time="3.104"/>
  <testcase classname="day42.OrangeHRMTest" name="testLogin" time="1.728"/>
  <testcase classname="day42.OrangeHRMTest" name="testcloseAPP" time="0.289"/>
  <testcase classname="day42.FirstTestCase" name="opeApp" time="0.005"/>
  <testcase classname="day42.FirstTestCase" name="login" time="0.001"/>
  <testcase classname="day42.FirstTestCase" name="logout" time="0.001"/>
</testsuite> <!-- My tests -->
