<?xml version="1.0" encoding="UTF-8"?>
<testng-results ignored="0" total="1" passed="1" failed="0" skipped="0">
  <reporter-output>
  </reporter-output>
  <suite started-at="2024-09-17T18:27:29 IST" name="Suite" finished-at="2024-09-17T18:27:39 IST" duration-ms="9504">
    <groups>
    </groups>
    <test started-at="2024-09-17T18:27:29 IST" name="Test" finished-at="2024-09-17T18:27:39 IST" duration-ms="9504">
      <class name="day47.LoginTest">
        <test-method is-config="true" signature="setup()[pri:0, instance:day47.LoginTest@7ef82753]" started-at="2024-09-17T18:27:29 IST" name="setup" finished-at="2024-09-17T18:27:37 IST" duration-ms="7116" status="PASS">
          <reporter-output>
          </reporter-output>
        </test-method> <!-- setup -->
        <test-method signature="testLogin()[pri:0, instance:day47.LoginTest@7ef82753]" started-at="2024-09-17T18:27:37 IST" name="testLogin" finished-at="2024-09-17T18:27:39 IST" duration-ms="1968" status="PASS">
          <reporter-output>
          </reporter-output>
        </test-method> <!-- testLogin -->
        <test-method is-config="true" signature="tearDown()[pri:0, instance:day47.LoginTest@7ef82753]" started-at="2024-09-17T18:27:39 IST" name="tearDown" finished-at="2024-09-17T18:27:39 IST" duration-ms="337" status="PASS">
          <reporter-output>
          </reporter-output>
        </test-method> <!-- tearDown -->
      </class> <!-- day47.LoginTest -->
    </test> <!-- Test -->
  </suite> <!-- Suite -->
</testng-results>
